#
# A fatal error has been detected by the Java Runtime Environment:
#
#  SIGSEGV (0xb) at pc=0x000000010ca6ee43, pid=18510, tid=54791
#
# JRE version: Java(TM) SE Runtime Environment (8.0_66-b17) (build 1.8.0_66-b17)
# Java VM: Java HotSpot(TM) 64-Bit Server VM (25.66-b17 mixed mode bsd-amd64 compressed oops)
# Problematic frame:
# C  [libawt_lwawt.dylib+0x1ae43]  OGLSD_SetScratchSurface+0x49
#
# Failed to write core dump. Core dumps have been disabled. To enable core dumping, try "ulimit -c unlimited" before starting Java again
#
# If you would like to submit a bug report, please visit:
#   http://bugreport.java.com/bugreport/crash.jsp
# The crash happened outside the Java Virtual Machine in native code.
# See problematic frame for where to report the bug.
#

---------------  T H R E A D  ---------------

Current thread (0x00007fedf59a3800):  JavaThread "Java2D Queue Flusher" daemon [_thread_in_native, id=54791, stack(0x0000700004812000,0x0000700004912000)]

siginfo: si_signo: 11 (SIGSEGV), si_code: 1 (SEGV_MAPERR), si_addr: 0x0000000000000003

Registers:
RAX=0x00000000ffffffff, RBX=0x0000000000000003, RCX=0x0000000000000047, RDX=0x000000010ca8f8ec
RSP=0x0000700004911730, RBP=0x0000700004911750, RSI=0x00007fedf5756640, RDI=0x00007fedf59a39f8
R8 =0x00000000000000c1, R9 =0x00000000000fc6c9, R10=0x000000010e698178, R11=0x000000010e67f3c0
R12=0x0000000000000000, R13=0x00007000049118e8, R14=0x00007fedf59a39f8, R15=0x00007fedf59a3800
RIP=0x000000010ca6ee43, EFLAGS=0x0000000000010206, ERR=0x0000000000000004
  TRAPNO=0x000000000000000e

Top of Stack: (sp=0x0000700004911730)
0x0000700004911730:   00007fedf5756640 0000000000000000
0x0000700004911740:   00007fedf59c9010 00007fedf59a3800
0x0000700004911750:   00007000049117d0 000000010ca8f3ca
0x0000700004911760:   00007fedf54c5400 0000000200000001
0x0000700004911770:   0000700004911880 0000000105ee3d00
0x0000700004911780:   0000000000000000 0000000000000000
0x0000700004911790:   00007000049117d0 00007fedf59c9020
0x00007000049117a0:   00000001008edbb0 00007fedf59a39f8
0x00007000049117b0:   000000014edc8858 0000000000000000
0x00007000049117c0:   0000700004911968 00007fedf59a3800
0x00007000049117d0:   0000700004911820 000000010e6981ea
0x00007000049117e0:   00000007aae07588 000000010612e670
0x00007000049117f0:   0000000000000064 0000000000000000
0x0000700004911800:   0000000000000064 00007fedf54c5118
0x0000700004911810:   0000700004911870 0000000105f4bc08
0x0000700004911820:   0000700004911940 000000010e6bd57c
0x0000700004911830:   0000000000000001 00007fedf54c5ba0
0x0000700004911840:   00000007aae07600 00007fedf59a3800
0x0000700004911850:   00007fedf59a3800 000000010949da00
0x0000700004911860:   0000700004911968 00007fedf59a3800
0x0000700004911870:   00007000049118c0 000000010e5eb6a8
0x0000700004911880:   00000007aae07588 000000010e5fef66
0x0000700004911890:   0000700004911940 000000010e67f41c
0x00007000049118a0:   0000000109aa9ba4 00007000049118e8
0x00007000049118b0:   0000000109aa9c20 0000000000000000
0x00007000049118c0:   0000700004911940 000000010e3a9c4d
0x00007000049118d0:   0000700004911940 000000010e3a9c4d
0x00007000049118e0:   000000010e3a9c4d 00000007aae07588
0x00007000049118f0:   0000000000000001 00000007aae07660
0x0000700004911900:   00007000049118f0 00000001098edaa9
0x0000700004911910:   0000700004911968 00000001098ee330
0x0000700004911920:   0000000000000000 00000001098edbb0 

Instructions: (pc=0x000000010ca6ee43)
0x000000010ca6ee23:   c0 e9 82 00 00 00 48 8b 5e 10 48 85 db 75 0e bf
0x000000010ca6ee33:   01 00 00 00 48 8d 15 fd 75 03 00 eb d6 49 89 fe
0x000000010ca6ee43:   4c 8b 3b 30 c0 e8 c5 a2 02 00 49 8b 3f 49 89 c4
0x000000010ca6ee53:   48 8b 35 a6 f7 05 00 30 c0 e8 cb a3 02 00 48 85 

Register to memory mapping:

RAX=0x00000000ffffffff is an unknown value
RBX=0x0000000000000003 is an unknown value
RCX=0x0000000000000047 is an unknown value
RDX=0x000000010ca8f8ec: Java_sun_java2d_opengl_OGLRenderQueue_flushBuffer+0xb5c in /Users/Rohan/Desktop/BlueJ.app/Contents/JDK/Home/jre/lib/libawt_lwawt.dylib at 0x000000010ca54000
RSP=0x0000700004911730 is pointing into the stack for thread: 0x00007fedf59a3800
RBP=0x0000700004911750 is pointing into the stack for thread: 0x00007fedf59a3800
RSI=0x00007fedf5756640 is an unknown value
RDI=0x00007fedf59a39f8 is an unknown value
R8 =0x00000000000000c1 is an unknown value
R9 =0x00000000000fc6c9 is an unknown value
R10=0x000000010e698178 is at entry_point+56 in (nmethod*)0x000000010e697fd0
R11=0x000000010e67f3c0 is at entry_point+0 in (nmethod*)0x000000010e67f250
R12=0x0000000000000000 is an unknown value
R13=0x00007000049118e8 is pointing into the stack for thread: 0x00007fedf59a3800
R14=0x00007fedf59a39f8 is an unknown value
R15=0x00007fedf59a3800 is a thread


Stack: [0x0000700004812000,0x0000700004912000],  sp=0x0000700004911730,  free space=1021k
Native frames: (J=compiled Java code, j=interpreted, Vv=VM code, C=native code)
C  [libawt_lwawt.dylib+0x1ae43]  OGLSD_SetScratchSurface+0x49
C  [libawt_lwawt.dylib+0x3b3ca]  Java_sun_java2d_opengl_OGLRenderQueue_flushBuffer+0x63a
J 766  sun.java2d.opengl.OGLRenderQueue.flushBuffer(JI)V (0 bytes) @ 0x000000010e6981ea [0x000000010e698140+0xaa]
J 815 C1 sun.java2d.opengl.OGLRenderQueue.flushBuffer()V (41 bytes) @ 0x000000010e6bd57c [0x000000010e6bd320+0x25c]
J 735 C1 sun.java2d.opengl.OGLRenderQueue.access$100(Lsun/java2d/opengl/OGLRenderQueue;)V (5 bytes) @ 0x000000010e67f41c [0x000000010e67f3c0+0x5c]
j  sun.java2d.opengl.OGLRenderQueue$QueueFlusher.run()V+81
v  ~StubRoutines::call_stub
V  [libjvm.dylib+0x2ea35e]  JavaCalls::call_helper(JavaValue*, methodHandle*, JavaCallArguments*, Thread*)+0x6ae
V  [libjvm.dylib+0x2eaaec]  JavaCalls::call_virtual(JavaValue*, KlassHandle, Symbol*, Symbol*, JavaCallArguments*, Thread*)+0x164
V  [libjvm.dylib+0x2eac98]  JavaCalls::call_virtual(JavaValue*, Handle, KlassHandle, Symbol*, Symbol*, Thread*)+0x4a
V  [libjvm.dylib+0x345215]  thread_entry(JavaThread*, Thread*)+0x7c
V  [libjvm.dylib+0x560b83]  JavaThread::thread_main_inner()+0x9b
V  [libjvm.dylib+0x56227e]  JavaThread::run()+0x1c2
V  [libjvm.dylib+0x482cd6]  java_start(Thread*)+0xf6
C  [libsystem_pthread.dylib+0x3aab]  _pthread_body+0xb4
C  [libsystem_pthread.dylib+0x39f7]  _pthread_body+0x0
C  [libsystem_pthread.dylib+0x31fd]  thread_start+0xd
C  0x0000000000000000

Java frames: (J=compiled Java code, j=interpreted, Vv=VM code)
J 766  sun.java2d.opengl.OGLRenderQueue.flushBuffer(JI)V (0 bytes) @ 0x000000010e698178 [0x000000010e698140+0x38]
J 815 C1 sun.java2d.opengl.OGLRenderQueue.flushBuffer()V (41 bytes) @ 0x000000010e6bd57c [0x000000010e6bd320+0x25c]
J 735 C1 sun.java2d.opengl.OGLRenderQueue.access$100(Lsun/java2d/opengl/OGLRenderQueue;)V (5 bytes) @ 0x000000010e67f41c [0x000000010e67f3c0+0x5c]
j  sun.java2d.opengl.OGLRenderQueue$QueueFlusher.run()V+81
v  ~StubRoutines::call_stub

---------------  P R O C E S S  ---------------

Java Threads: ( => current thread )
  0x00007fedf5a7a000 JavaThread "AWT-EventQueue-1" [_thread_blocked, id=66603, stack(0x0000700004da4000,0x0000700004ea4000)]
  0x00007fedf7314000 JavaThread "DestroyJavaVM" [_thread_blocked, id=7171, stack(0x000070000375c000,0x000070000385c000)]
  0x00007fedf7290800 JavaThread "AWT-EventQueue-0" [_thread_blocked, id=60179, stack(0x0000700004b9e000,0x0000700004c9e000)]
  0x00007fedf68ba800 JavaThread "thread applet-hunnedFive.class" [_thread_blocked, id=57351, stack(0x0000700004a18000,0x0000700004b18000)]
  0x00007fedf68b4000 JavaThread "Java2D Disposer" daemon [_thread_blocked, id=56847, stack(0x0000700004915000,0x0000700004a15000)]
=>0x00007fedf59a3800 JavaThread "Java2D Queue Flusher" daemon [_thread_in_native, id=54791, stack(0x0000700004812000,0x0000700004912000)]
  0x00007fedf5935800 JavaThread "AWT-Shutdown" [_thread_blocked, id=30751, stack(0x000070000468c000,0x000070000478c000)]
  0x00007fedf6842800 JavaThread "AppKit Thread" daemon [_thread_in_native, id=775, stack(0x00007fff5a137000,0x00007fff5a937000)]
  0x00007fedf5875800 JavaThread "Service Thread" daemon [_thread_blocked, id=18691, stack(0x0000700004380000,0x0000700004480000)]
  0x00007fedf5875000 JavaThread "C1 CompilerThread2" daemon [_thread_in_native, id=18179, stack(0x000070000427d000,0x000070000437d000)]
  0x00007fedf5874000 JavaThread "C2 CompilerThread1" daemon [_thread_blocked, id=17667, stack(0x000070000417a000,0x000070000427a000)]
  0x00007fedf702e800 JavaThread "C2 CompilerThread0" daemon [_thread_blocked, id=17155, stack(0x0000700004077000,0x0000700004177000)]
  0x00007fedf5834000 JavaThread "Signal Dispatcher" daemon [_thread_blocked, id=16643, stack(0x0000700003f74000,0x0000700004074000)]
  0x00007fedf7024800 JavaThread "Finalizer" daemon [_thread_blocked, id=12547, stack(0x0000700003e71000,0x0000700003f71000)]
  0x00007fedf7023800 JavaThread "Reference Handler" daemon [_thread_blocked, id=12035, stack(0x0000700003d6e000,0x0000700003e6e000)]

Other Threads:
  0x00007fedf7023000 VMThread [stack: 0x0000700003c6b000,0x0000700003d6b000] [id=11523]
  0x00007fedf582e800 WatcherThread [stack: 0x0000700004483000,0x0000700004583000] [id=19203]

VM state:not at safepoint (normal execution)

VM Mutex/Monitor currently owned by a thread: None

Heap:
 PSYoungGen      total 3072K, used 721K [0x00000007aab00000, 0x00000007aaf80000, 0x00000007c0000000)
  eden space 1536K, 4% used [0x00000007aab00000,0x00000007aab10588,0x00000007aac80000)
  from space 1536K, 42% used [0x00000007aae00000,0x00000007aaea4010,0x00000007aaf80000)
  to   space 1536K, 0% used [0x00000007aac80000,0x00000007aac80000,0x00000007aae00000)
 ParOldGen       total 5632K, used 1404K [0x0000000780000000, 0x0000000780580000, 0x00000007aab00000)
  object space 5632K, 24% used [0x0000000780000000,0x000000078015f050,0x0000000780580000)
 Metaspace       used 9559K, capacity 9762K, committed 9984K, reserved 1058816K
  class space    used 1134K, capacity 1223K, committed 1280K, reserved 1048576K

Card table byte_map: [0x0000000106f46000,0x0000000107147000] byte_map_base: 0x0000000103346000

Marking Bits: (ParMarkBitMap*) 0x00000001064dde20
 Begin Bits: [0x000000010729d000, 0x000000010829d000)
 End Bits:   [0x000000010829d000, 0x000000010929d000)

Polling page: 0x0000000105389000

CodeCache: size=245760Kb used=3631Kb max_used=3631Kb free=242128Kb
 bounds [0x000000010e3a2000, 0x000000010e732000, 0x000000011d3a2000]
 total_blobs=1441 nmethods=973 adapters=381
 compilation: enabled

Compilation events (10 events):
Event: 23153.829 Thread 0x00007fedf5875000  964   !   3       java.util.concurrent.locks.AbstractQueuedSynchronizer::fullyRelease (54 bytes)
Event: 23153.829 Thread 0x00007fedf5875000 nmethod 964 0x000000010e727590 code [0x000000010e727740, 0x000000010e727d28]
Event: 23153.845 Thread 0x00007fedf5875000  965       3       java.util.WeakHashMap::maskNull (12 bytes)
Event: 23153.845 Thread 0x00007fedf5875000 nmethod 965 0x000000010e728010 code [0x000000010e728180, 0x000000010e728310]
Event: 23153.845 Thread 0x00007fedf5875000  966       3       java.util.WeakHashMap::hash (28 bytes)
Event: 23153.845 Thread 0x00007fedf5875000 nmethod 966 0x000000010e728390 code [0x000000010e728500, 0x000000010e728748]
Event: 23153.927 Thread 0x00007fedf5875000  967  s    3       java.lang.Throwable::fillInStackTrace (29 bytes)
Event: 23153.928 Thread 0x00007fedf5875000 nmethod 967 0x000000010e728b90 code [0x000000010e728d00, 0x000000010e7290a8]
Event: 23154.152 Thread 0x00007fedf5875000  969       3       sun.lwawt.LWComponentPeer::updateCursorImmediately (11 bytes)
Event: 23154.153 Thread 0x00007fedf5875000 nmethod 969 0x000000010e729150 code [0x000000010e729340, 0x000000010e729d38]

GC Heap History (10 events):
Event: 0.732 GC heap before
{Heap before GC invocations=2 (full 0):
 PSYoungGen      total 2048K, used 2032K [0x00000007aab00000, 0x00000007aaf00000, 0x00000007c0000000)
  eden space 1536K, 100% used [0x00000007aab00000,0x00000007aac80000,0x00000007aac80000)
  from space 512K, 96% used [0x00000007aac80000,0x00000007aacfc010,0x00000007aad00000)
  to   space 512K, 0% used [0x00000007aae80000,0x00000007aae80000,0x00000007aaf00000)
 ParOldGen       total 5632K, used 24K [0x0000000780000000, 0x0000000780580000, 0x00000007aab00000)
  object space 5632K, 0% used [0x0000000780000000,0x0000000780006000,0x0000000780580000)
 Metaspace       used 4230K, capacity 4694K, committed 4992K, reserved 1056768K
  class space    used 468K, capacity 527K, committed 640K, reserved 1048576K
Event: 0.733 GC heap after
Heap after GC invocations=2 (full 0):
 PSYoungGen      total 2048K, used 512K [0x00000007aab00000, 0x00000007aaf00000, 0x00000007c0000000)
  eden space 1536K, 0% used [0x00000007aab00000,0x00000007aab00000,0x00000007aac80000)
  from space 512K, 100% used [0x00000007aae80000,0x00000007aaf00000,0x00000007aaf00000)
  to   space 512K, 0% used [0x00000007aac80000,0x00000007aac80000,0x00000007aad00000)
 ParOldGen       total 5632K, used 96K [0x0000000780000000, 0x0000000780580000, 0x00000007aab00000)
  object space 5632K, 1% used [0x0000000780000000,0x0000000780018000,0x0000000780580000)
 Metaspace       used 4230K, capacity 4694K, committed 4992K, reserved 1056768K
  class space    used 468K, capacity 527K, committed 640K, reserved 1048576K
}
Event: 0.965 GC heap before
{Heap before GC invocations=3 (full 0):
 PSYoungGen      total 2048K, used 2048K [0x00000007aab00000, 0x00000007aaf00000, 0x00000007c0000000)
  eden space 1536K, 100% used [0x00000007aab00000,0x00000007aac80000,0x00000007aac80000)
  from space 512K, 100% used [0x00000007aae80000,0x00000007aaf00000,0x00000007aaf00000)
  to   space 512K, 0% used [0x00000007aac80000,0x00000007aac80000,0x00000007aad00000)
 ParOldGen       total 5632K, used 96K [0x0000000780000000, 0x0000000780580000, 0x00000007aab00000)
  object space 5632K, 1% used [0x0000000780000000,0x0000000780018000,0x0000000780580000)
 Metaspace       used 8032K, capacity 8186K, committed 8192K, reserved 1056768K
  class space    used 977K, capacity 1022K, committed 1024K, reserved 1048576K
Event: 0.967 GC heap after
Heap after GC invocations=3 (full 0):
 PSYoungGen      total 2048K, used 496K [0x00000007aab00000, 0x00000007aaf00000, 0x00000007c0000000)
  eden space 1536K, 0% used [0x00000007aab00000,0x00000007aab00000,0x00000007aac80000)
  from space 512K, 96% used [0x00000007aac80000,0x00000007aacfc010,0x00000007aad00000)
  to   space 512K, 0% used [0x00000007aae80000,0x00000007aae80000,0x00000007aaf00000)
 ParOldGen       total 5632K, used 732K [0x0000000780000000, 0x0000000780580000, 0x00000007aab00000)
  object space 5632K, 12% used [0x0000000780000000,0x00000007800b7050,0x0000000780580000)
 Metaspace       used 8032K, capacity 8186K, committed 8192K, reserved 1056768K
  class space    used 977K, capacity 1022K, committed 1024K, reserved 1048576K
}
Event: 4.506 GC heap before
{Heap before GC invocations=4 (full 0):
 PSYoungGen      total 2048K, used 2032K [0x00000007aab00000, 0x00000007aaf00000, 0x00000007c0000000)
  eden space 1536K, 100% used [0x00000007aab00000,0x00000007aac80000,0x00000007aac80000)
  from space 512K, 96% used [0x00000007aac80000,0x00000007aacfc010,0x00000007aad00000)
  to   space 512K, 0% used [0x00000007aae80000,0x00000007aae80000,0x00000007aaf00000)
 ParOldGen       total 5632K, used 732K [0x0000000780000000, 0x0000000780580000, 0x00000007aab00000)
  object space 5632K, 12% used [0x0000000780000000,0x00000007800b7050,0x0000000780580000)
 Metaspace       used 9055K, capacity 9192K, committed 9472K, reserved 1056768K
  class space    used 1111K, capacity 1186K, committed 1280K, reserved 1048576K
Event: 4.508 GC heap after
Heap after GC invocations=4 (full 0):
 PSYoungGen      total 2048K, used 496K [0x00000007aab00000, 0x00000007aaf00000, 0x00000007c0000000)
  eden space 1536K, 0% used [0x00000007aab00000,0x00000007aab00000,0x00000007aac80000)
  from space 512K, 96% used [0x00000007aae80000,0x00000007aaefc010,0x00000007aaf00000)
  to   space 512K, 0% used [0x00000007aac80000,0x00000007aac80000,0x00000007aad00000)
 ParOldGen       total 5632K, used 1364K [0x0000000780000000, 0x0000000780580000, 0x00000007aab00000)
  object space 5632K, 24% used [0x0000000780000000,0x0000000780155050,0x0000000780580000)
 Metaspace       used 9055K, capacity 9192K, committed 9472K, reserved 1056768K
  class space    used 1111K, capacity 1186K, committed 1280K, reserved 1048576K
}
Event: 10.418 GC heap before
{Heap before GC invocations=5 (full 0):
 PSYoungGen      total 2048K, used 2032K [0x00000007aab00000, 0x00000007aaf00000, 0x00000007c0000000)
  eden space 1536K, 100% used [0x00000007aab00000,0x00000007aac80000,0x00000007aac80000)
  from space 512K, 96% used [0x00000007aae80000,0x00000007aaefc010,0x00000007aaf00000)
  to   space 512K, 0% used [0x00000007aac80000,0x00000007aac80000,0x00000007aad00000)
 ParOldGen       total 5632K, used 1364K [0x0000000780000000, 0x0000000780580000, 0x00000007aab00000)
  object space 5632K, 24% used [0x0000000780000000,0x0000000780155050,0x0000000780580000)
 Metaspace       used 9392K, capacity 9538K, committed 9728K, reserved 1058816K
  class space    used 1117K, capacity 1191K, committed 1280K, reserved 1048576K
Event: 10.420 GC heap after
Heap after GC invocations=5 (full 0):
 PSYoungGen      total 2048K, used 496K [0x00000007aab00000, 0x00000007aaf80000, 0x00000007c0000000)
  eden space 1536K, 0% used [0x00000007aab00000,0x00000007aab00000,0x00000007aac80000)
  from space 512K, 96% used [0x00000007aac80000,0x00000007aacfc010,0x00000007aad00000)
  to   space 1536K, 0% used [0x00000007aae00000,0x00000007aae00000,0x00000007aaf80000)
 ParOldGen       total 5632K, used 1404K [0x0000000780000000, 0x0000000780580000, 0x00000007aab00000)
  object space 5632K, 24% used [0x0000000780000000,0x000000078015f050,0x0000000780580000)
 Metaspace       used 9392K, capacity 9538K, committed 9728K, reserved 1058816K
  class space    used 1117K, capacity 1191K, committed 1280K, reserved 1048576K
}
Event: 23154.119 GC heap before
{Heap before GC invocations=6 (full 0):
 PSYoungGen      total 2048K, used 2032K [0x00000007aab00000, 0x00000007aaf80000, 0x00000007c0000000)
  eden space 1536K, 100% used [0x00000007aab00000,0x00000007aac80000,0x00000007aac80000)
  from space 512K, 96% used [0x00000007aac80000,0x00000007aacfc010,0x00000007aad00000)
  to   space 1536K, 0% used [0x00000007aae00000,0x00000007aae00000,0x00000007aaf80000)
 ParOldGen       total 5632K, used 1404K [0x0000000780000000, 0x0000000780580000, 0x00000007aab00000)
  object space 5632K, 24% used [0x0000000780000000,0x000000078015f050,0x0000000780580000)
 Metaspace       used 9553K, capacity 9762K, committed 9984K, reserved 1058816K
  class space    used 1134K, capacity 1223K, committed 1280K, reserved 1048576K
Event: 23154.131 GC heap after
Heap after GC invocations=6 (full 0):
 PSYoungGen      total 3072K, used 656K [0x00000007aab00000, 0x00000007aaf80000, 0x00000007c0000000)
  eden space 1536K, 0% used [0x00000007aab00000,0x00000007aab00000,0x00000007aac80000)
  from space 1536K, 42% used [0x00000007aae00000,0x00000007aaea4010,0x00000007aaf80000)
  to   space 1536K, 0% used [0x00000007aac80000,0x00000007aac80000,0x00000007aae00000)
 ParOldGen       total 5632K, used 1404K [0x0000000780000000, 0x0000000780580000, 0x00000007aab00000)
  object space 5632K, 24% used [0x0000000780000000,0x000000078015f050,0x0000000780580000)
 Metaspace       used 9553K, capacity 9762K, committed 9984K, reserved 1058816K
  class space    used 1134K, capacity 1223K, committed 1280K, reserved 1048576K
}

Deoptimization events (4 events):
Event: 0.955 Thread 0x00007fedf580b000 Uncommon trap: reason=unstable_if action=reinterpret pc=0x000000010e538bd0 method=java.lang.String.startsWith(Ljava/lang/String;I)Z @ 25
Event: 2.844 Thread 0x00007fedf5a05000 Uncommon trap: reason=unstable_if action=reinterpret pc=0x000000010e56b540 method=java.lang.String.toLowerCase(Ljava/util/Locale;)Ljava/lang/String; @ 85
Event: 1076.440 Thread 0x00007fedf6842800 Uncommon trap: reason=null_check action=make_not_entrant pc=0x000000010e67ba7c method=java.awt.geom.AffineTransform.equals(Ljava/lang/Object;)Z @ 1
Event: 4182.044 Thread 0x00007fedf6842800 Uncommon trap: reason=null_check action=make_not_entrant pc=0x000000010e650364 method=java.awt.geom.AffineTransform.equals(Ljava/lang/Object;)Z @ 1

Internal exceptions (10 events):
Event: 0.130 Thread 0x00007fedf580b000 Exception <a 'java/security/PrivilegedActionException'> (0x00000007aab7f600) thrown at [/HUDSON3/workspace/8-2-build-macosx-x86_64/jdk8u66/4988/hotspot/src/share/vm/prims/jvm.cpp, line 1386]
Event: 0.147 Thread 0x00007fedf580b000 Exception <a 'java/security/PrivilegedActionException'> (0x00000007aab95260) thrown at [/HUDSON3/workspace/8-2-build-macosx-x86_64/jdk8u66/4988/hotspot/src/share/vm/prims/jvm.cpp, line 1386]
Event: 0.147 Thread 0x00007fedf580b000 Exception <a 'java/security/PrivilegedActionException'> (0x00000007aab95470) thrown at [/HUDSON3/workspace/8-2-build-macosx-x86_64/jdk8u66/4988/hotspot/src/share/vm/prims/jvm.cpp, line 1386]
Event: 0.255 Thread 0x00007fedf580b000 Exception <a 'java/lang/NoSuchFieldError': method resolution failed> (0x00000007aabc6450) thrown at [/HUDSON3/workspace/8-2-build-macosx-x86_64/jdk8u66/4988/hotspot/src/share/vm/prims/methodHandles.cpp, line 1146]
Event: 0.258 Thread 0x00007fedf580b000 Exception <a 'java/lang/NoSuchFieldError': method resolution failed> (0x00000007aabd4240) thrown at [/HUDSON3/workspace/8-2-build-macosx-x86_64/jdk8u66/4988/hotspot/src/share/vm/prims/methodHandles.cpp, line 1146]
Event: 0.735 Thread 0x00007fedf580b000 Exception <a 'java/io/FileNotFoundException'> (0x00000007aab06588) thrown at [/HUDSON3/workspace/8-2-build-macosx-x86_64/jdk8u66/4988/hotspot/src/share/vm/prims/jni.cpp, line 709]
Event: 0.736 Thread 0x00007fedf580b000 Exception <a 'java/io/FileNotFoundException'> (0x00000007aab076f0) thrown at [/HUDSON3/workspace/8-2-build-macosx-x86_64/jdk8u66/4988/hotspot/src/share/vm/prims/jni.cpp, line 709]
Event: 0.835 Thread 0x00007fedf580b000 Exception <a 'java/io/FileNotFoundException'> (0x00000007aab92da8) thrown at [/HUDSON3/workspace/8-2-build-macosx-x86_64/jdk8u66/4988/hotspot/src/share/vm/prims/jni.cpp, line 709]
Event: 1076.440 Thread 0x00007fedf6842800 Implicit null exception at 0x000000010e67af33 to 0x000000010e67ba5d
Event: 4182.044 Thread 0x00007fedf6842800 Implicit null exception at 0x000000010e65016c to 0x000000010e650355

Events (10 events):
Event: 23148.982 loading class javax/swing/KeyStroke
Event: 23148.986 loading class javax/swing/KeyStroke done
Event: 23148.986 loading class javax/swing/Popup$HeavyWeightWindow
Event: 23148.989 loading class sun/awt/ModalExclude
Event: 23148.990 loading class sun/awt/ModalExclude done
Event: 23148.990 loading class javax/swing/JWindow
Event: 23148.991 loading class javax/swing/JWindow done
Event: 23148.995 loading class javax/swing/Popup$HeavyWeightWindow done
Event: 23154.119 Executing VM operation: ParallelGCFailedAllocation
Event: 23154.131 Executing VM operation: ParallelGCFailedAllocation done


Dynamic libraries:
0x0000000032565000 	/System/Library/Frameworks/Cocoa.framework/Versions/A/Cocoa
0x0000000032565000 	/System/Library/Frameworks/Security.framework/Versions/A/Security
0x0000000032565000 	/System/Library/Frameworks/ApplicationServices.framework/Versions/A/ApplicationServices
0x0000000032565000 	/usr/lib/libz.1.dylib
0x0000000032565000 	/usr/lib/libSystem.B.dylib
0x0000000032565000 	/usr/lib/libobjc.A.dylib
0x0000000032565000 	/System/Library/Frameworks/CoreFoundation.framework/Versions/A/CoreFoundation
0x0000000032565000 	/System/Library/Frameworks/Foundation.framework/Versions/C/Foundation
0x0000000032565000 	/System/Library/Frameworks/AppKit.framework/Versions/C/AppKit
0x0000000032565000 	/System/Library/Frameworks/CoreData.framework/Versions/A/CoreData
0x0000000032565000 	/System/Library/PrivateFrameworks/RemoteViewServices.framework/Versions/A/RemoteViewServices
0x0000000032565000 	/System/Library/PrivateFrameworks/UIFoundation.framework/Versions/A/UIFoundation
0x0000000032565000 	/System/Library/PrivateFrameworks/DFRFoundation.framework/Versions/A/DFRFoundation
0x0000000032565000 	/usr/lib/libenergytrace.dylib
0x0000000032565000 	/System/Library/PrivateFrameworks/SkyLight.framework/Versions/A/SkyLight
0x0000000032565000 	/System/Library/Frameworks/CoreGraphics.framework/Versions/A/CoreGraphics
0x0000000032565000 	/usr/lib/libScreenReader.dylib
0x0000000032565000 	/System/Library/Frameworks/Accelerate.framework/Versions/A/Accelerate
0x0000000032565000 	/System/Library/Frameworks/IOSurface.framework/Versions/A/IOSurface
0x0000000032565000 	/System/Library/Frameworks/AudioToolbox.framework/Versions/A/AudioToolbox
0x0000000032565000 	/System/Library/Frameworks/AudioUnit.framework/Versions/A/AudioUnit
0x0000000032565000 	/System/Library/PrivateFrameworks/DataDetectorsCore.framework/Versions/A/DataDetectorsCore
0x0000000032565000 	/System/Library/PrivateFrameworks/DesktopServicesPriv.framework/Versions/A/DesktopServicesPriv
0x0000000032565000 	/System/Library/Frameworks/Carbon.framework/Versions/A/Frameworks/HIToolbox.framework/Versions/A/HIToolbox
0x0000000032565000 	/usr/lib/libicucore.A.dylib
0x0000000032565000 	/System/Library/Frameworks/QuartzCore.framework/Versions/A/QuartzCore
0x0000000032565000 	/System/Library/Frameworks/Carbon.framework/Versions/A/Frameworks/SpeechRecognition.framework/Versions/A/SpeechRecognition
0x0000000032565000 	/usr/lib/libauto.dylib
0x0000000032565000 	/usr/lib/libxml2.2.dylib
0x0000000032565000 	/System/Library/PrivateFrameworks/CoreUI.framework/Versions/A/CoreUI
0x0000000032565000 	/System/Library/Frameworks/CoreAudio.framework/Versions/A/CoreAudio
0x0000000032565000 	/System/Library/Frameworks/DiskArbitration.framework/Versions/A/DiskArbitration
0x0000000032565000 	/usr/lib/liblangid.dylib
0x0000000032565000 	/System/Library/PrivateFrameworks/MultitouchSupport.framework/Versions/A/MultitouchSupport
0x0000000032565000 	/System/Library/Frameworks/IOKit.framework/Versions/A/IOKit
0x0000000032565000 	/usr/lib/libDiagnosticMessagesClient.dylib
0x0000000032565000 	/System/Library/Frameworks/CoreServices.framework/Versions/A/CoreServices
0x0000000032565000 	/System/Library/PrivateFrameworks/PerformanceAnalysis.framework/Versions/A/PerformanceAnalysis
0x0000000032565000 	/System/Library/PrivateFrameworks/GenerationalStorage.framework/Versions/A/GenerationalStorage
0x0000000032565000 	/System/Library/Frameworks/OpenGL.framework/Versions/A/OpenGL
0x0000000032565000 	/System/Library/Frameworks/CoreImage.framework/Versions/A/CoreImage
0x0000000032565000 	/System/Library/Frameworks/CoreText.framework/Versions/A/CoreText
0x0000000032565000 	/System/Library/Frameworks/ImageIO.framework/Versions/A/ImageIO
0x0000000032565000 	/System/Library/PrivateFrameworks/Backup.framework/Versions/A/Backup
0x0000000032565000 	/usr/lib/libarchive.2.dylib
0x0000000032565000 	/System/Library/Frameworks/CFNetwork.framework/Versions/A/CFNetwork
0x0000000032565000 	/System/Library/Frameworks/SystemConfiguration.framework/Versions/A/SystemConfiguration
0x0000000032565000 	/usr/lib/libCRFSuite.dylib
0x0000000032565000 	/usr/lib/libc++.1.dylib
0x0000000032565000 	/usr/lib/libc++abi.dylib
0x0000000032565000 	/usr/lib/system/libcache.dylib
0x0000000032565000 	/usr/lib/system/libcommonCrypto.dylib
0x0000000032565000 	/usr/lib/system/libcompiler_rt.dylib
0x0000000032565000 	/usr/lib/system/libcopyfile.dylib
0x0000000032565000 	/usr/lib/system/libcorecrypto.dylib
0x0000000032565000 	/usr/lib/system/libdispatch.dylib
0x0000000032565000 	/usr/lib/system/libdyld.dylib
0x0000000032565000 	/usr/lib/system/libkeymgr.dylib
0x0000000032565000 	/usr/lib/system/liblaunch.dylib
0x0000000032565000 	/usr/lib/system/libmacho.dylib
0x0000000032565000 	/usr/lib/system/libquarantine.dylib
0x0000000032565000 	/usr/lib/system/libremovefile.dylib
0x0000000032565000 	/usr/lib/system/libsystem_asl.dylib
0x0000000032565000 	/usr/lib/system/libsystem_blocks.dylib
0x0000000032565000 	/usr/lib/system/libsystem_c.dylib
0x0000000032565000 	/usr/lib/system/libsystem_configuration.dylib
0x0000000032565000 	/usr/lib/system/libsystem_coreservices.dylib
0x0000000032565000 	/usr/lib/system/libsystem_coretls.dylib
0x0000000032565000 	/usr/lib/system/libsystem_dnssd.dylib
0x0000000032565000 	/usr/lib/system/libsystem_info.dylib
0x0000000032565000 	/usr/lib/system/libsystem_kernel.dylib
0x0000000032565000 	/usr/lib/system/libsystem_m.dylib
0x0000000032565000 	/usr/lib/system/libsystem_malloc.dylib
0x0000000032565000 	/usr/lib/system/libsystem_network.dylib
0x0000000032565000 	/usr/lib/system/libsystem_networkextension.dylib
0x0000000032565000 	/usr/lib/system/libsystem_notify.dylib
0x0000000032565000 	/usr/lib/system/libsystem_platform.dylib
0x0000000032565000 	/usr/lib/system/libsystem_pthread.dylib
0x0000000032565000 	/usr/lib/system/libsystem_sandbox.dylib
0x0000000032565000 	/usr/lib/system/libsystem_secinit.dylib
0x0000000032565000 	/usr/lib/system/libsystem_symptoms.dylib
0x0000000032565000 	/usr/lib/system/libsystem_trace.dylib
0x0000000032565000 	/usr/lib/system/libunwind.dylib
0x0000000032565000 	/usr/lib/system/libxpc.dylib
0x0000000032565000 	/usr/lib/libbsm.0.dylib
0x0000000032565000 	/usr/lib/system/libkxld.dylib
0x0000000032565000 	/usr/lib/libcoretls.dylib
0x0000000032565000 	/usr/lib/libcoretls_cfhelpers.dylib
0x0000000032565000 	/usr/lib/libxar.1.dylib
0x0000000032565000 	/usr/lib/libsqlite3.dylib
0x0000000032565000 	/usr/lib/libpam.2.dylib
0x0000000032565000 	/usr/lib/libOpenScriptingUtil.dylib
0x0000000032565000 	/usr/lib/libbz2.1.0.dylib
0x0000000032565000 	/usr/lib/liblzma.5.dylib
0x0000000032565000 	/usr/lib/libnetwork.dylib
0x0000000032565000 	/usr/lib/libpcap.A.dylib
0x0000000032565000 	/System/Library/Frameworks/CoreServices.framework/Versions/A/Frameworks/FSEvents.framework/Versions/A/FSEvents
0x0000000032565000 	/System/Library/Frameworks/CoreServices.framework/Versions/A/Frameworks/CarbonCore.framework/Versions/A/CarbonCore
0x0000000032565000 	/System/Library/Frameworks/CoreServices.framework/Versions/A/Frameworks/Metadata.framework/Versions/A/Metadata
0x0000000032565000 	/System/Library/Frameworks/CoreServices.framework/Versions/A/Frameworks/OSServices.framework/Versions/A/OSServices
0x0000000032565000 	/System/Library/Frameworks/CoreServices.framework/Versions/A/Frameworks/SearchKit.framework/Versions/A/SearchKit
0x0000000032565000 	/System/Library/Frameworks/CoreServices.framework/Versions/A/Frameworks/AE.framework/Versions/A/AE
0x0000000032565000 	/System/Library/Frameworks/CoreServices.framework/Versions/A/Frameworks/LaunchServices.framework/Versions/A/LaunchServices
0x0000000032565000 	/System/Library/Frameworks/CoreServices.framework/Versions/A/Frameworks/DictionaryServices.framework/Versions/A/DictionaryServices
0x0000000032565000 	/System/Library/Frameworks/CoreServices.framework/Versions/A/Frameworks/SharedFileList.framework/Versions/A/SharedFileList
0x0000000032565000 	/System/Library/Frameworks/NetFS.framework/Versions/A/NetFS
0x0000000032565000 	/System/Library/PrivateFrameworks/NetAuth.framework/Versions/A/NetAuth
0x0000000032565000 	/System/Library/PrivateFrameworks/login.framework/Versions/A/Frameworks/loginsupport.framework/Versions/A/loginsupport
0x0000000032565000 	/System/Library/PrivateFrameworks/TCC.framework/Versions/A/TCC
0x0000000032565000 	/usr/lib/libmecabra.dylib
0x0000000032565000 	/System/Library/Frameworks/ApplicationServices.framework/Versions/A/Frameworks/ATS.framework/Versions/A/ATS
0x0000000032565000 	/System/Library/Frameworks/ApplicationServices.framework/Versions/A/Frameworks/ColorSync.framework/Versions/A/ColorSync
0x0000000032565000 	/System/Library/Frameworks/ApplicationServices.framework/Versions/A/Frameworks/HIServices.framework/Versions/A/HIServices
0x0000000032565000 	/System/Library/Frameworks/ApplicationServices.framework/Versions/A/Frameworks/LangAnalysis.framework/Versions/A/LangAnalysis
0x0000000032565000 	/System/Library/Frameworks/ApplicationServices.framework/Versions/A/Frameworks/PrintCore.framework/Versions/A/PrintCore
0x0000000032565000 	/System/Library/Frameworks/ApplicationServices.framework/Versions/A/Frameworks/QD.framework/Versions/A/QD
0x0000000032565000 	/System/Library/Frameworks/ApplicationServices.framework/Versions/A/Frameworks/SpeechSynthesis.framework/Versions/A/SpeechSynthesis
0x0000000032565000 	/System/Library/Frameworks/Accelerate.framework/Versions/A/Frameworks/vImage.framework/Versions/A/vImage
0x0000000032565000 	/System/Library/Frameworks/Accelerate.framework/Versions/A/Frameworks/vecLib.framework/Versions/A/vecLib
0x0000000032565000 	/System/Library/Frameworks/Accelerate.framework/Versions/A/Frameworks/vecLib.framework/Versions/A/libvDSP.dylib
0x0000000032565000 	/System/Library/Frameworks/Accelerate.framework/Versions/A/Frameworks/vecLib.framework/Versions/A/libBNNS.dylib
0x0000000032565000 	/System/Library/Frameworks/Accelerate.framework/Versions/A/Frameworks/vecLib.framework/Versions/A/libQuadrature.dylib
0x0000000032565000 	/System/Library/Frameworks/Accelerate.framework/Versions/A/Frameworks/vecLib.framework/Versions/A/libvMisc.dylib
0x0000000032565000 	/System/Library/Frameworks/Accelerate.framework/Versions/A/Frameworks/vecLib.framework/Versions/A/libLAPACK.dylib
0x0000000032565000 	/System/Library/Frameworks/Accelerate.framework/Versions/A/Frameworks/vecLib.framework/Versions/A/libBLAS.dylib
0x0000000032565000 	/System/Library/Frameworks/Accelerate.framework/Versions/A/Frameworks/vecLib.framework/Versions/A/libLinearAlgebra.dylib
0x0000000032565000 	/System/Library/Frameworks/Accelerate.framework/Versions/A/Frameworks/vecLib.framework/Versions/A/libSparseBLAS.dylib
0x0000000032565000 	/System/Library/Frameworks/ApplicationServices.framework/Versions/A/Frameworks/ATS.framework/Versions/A/Resources/libFontParser.dylib
0x0000000032565000 	/System/Library/Frameworks/ApplicationServices.framework/Versions/A/Frameworks/ATS.framework/Versions/A/Resources/libFontRegistry.dylib
0x0000000032565000 	/System/Library/Frameworks/ImageIO.framework/Versions/A/Resources/libJPEG.dylib
0x0000000032565000 	/System/Library/Frameworks/ImageIO.framework/Versions/A/Resources/libTIFF.dylib
0x0000000032565000 	/System/Library/Frameworks/ImageIO.framework/Versions/A/Resources/libPng.dylib
0x0000000032565000 	/System/Library/Frameworks/ImageIO.framework/Versions/A/Resources/libGIF.dylib
0x0000000032565000 	/System/Library/Frameworks/ImageIO.framework/Versions/A/Resources/libJP2.dylib
0x0000000032565000 	/System/Library/Frameworks/ImageIO.framework/Versions/A/Resources/libRadiance.dylib
0x0000000032565000 	/usr/lib/libcompression.dylib
0x0000000032565000 	/System/Library/PrivateFrameworks/AppleJPEG.framework/Versions/A/AppleJPEG
0x0000000032565000 	/usr/lib/libcups.2.dylib
0x0000000032565000 	/System/Library/Frameworks/Kerberos.framework/Versions/A/Kerberos
0x0000000032565000 	/System/Library/Frameworks/GSS.framework/Versions/A/GSS
0x0000000032565000 	/usr/lib/libresolv.9.dylib
0x0000000032565000 	/usr/lib/libiconv.2.dylib
0x0000000032565000 	/System/Library/PrivateFrameworks/Heimdal.framework/Versions/A/Heimdal
0x0000000032565000 	/usr/lib/libheimdal-asn1.dylib
0x0000000032565000 	/System/Library/Frameworks/OpenDirectory.framework/Versions/A/OpenDirectory
0x0000000032565000 	/System/Library/PrivateFrameworks/CommonAuth.framework/Versions/A/CommonAuth
0x0000000032565000 	/System/Library/Frameworks/OpenDirectory.framework/Versions/A/Frameworks/CFOpenDirectory.framework/Versions/A/CFOpenDirectory
0x0000000032565000 	/System/Library/Frameworks/SecurityFoundation.framework/Versions/A/SecurityFoundation
0x0000000032565000 	/System/Library/PrivateFrameworks/LanguageModeling.framework/Versions/A/LanguageModeling
0x0000000032565000 	/usr/lib/libmarisa.dylib
0x0000000032565000 	/usr/lib/libChineseTokenizer.dylib
0x0000000032565000 	/usr/lib/libcmph.dylib
0x0000000032565000 	/System/Library/PrivateFrameworks/CoreEmoji.framework/Versions/A/CoreEmoji
0x0000000032565000 	/System/Library/Frameworks/ServiceManagement.framework/Versions/A/ServiceManagement
0x0000000032565000 	/usr/lib/libxslt.1.dylib
0x0000000032565000 	/System/Library/Frameworks/Carbon.framework/Versions/A/Frameworks/Ink.framework/Versions/A/Ink
0x0000000032565000 	/System/Library/PrivateFrameworks/TextureIO.framework/Versions/A/TextureIO
0x0000000032565000 	/System/Library/Frameworks/Metal.framework/Versions/A/Metal
0x0000000032565000 	/usr/lib/libate.dylib
0x0000000032565000 	/System/Library/PrivateFrameworks/GPUCompiler.framework/libmetal_timestamp.dylib
0x0000000032565000 	/System/Library/Frameworks/OpenGL.framework/Versions/A/Libraries/libCoreFSCache.dylib
0x0000000032565000 	/System/Library/PrivateFrameworks/IOAccelerator.framework/Versions/A/IOAccelerator
0x0000000032565000 	/System/Library/Frameworks/CoreVideo.framework/Versions/A/CoreVideo
0x0000000032565000 	/usr/lib/libFosl_dynamic.dylib
0x0000000032565000 	/System/Library/PrivateFrameworks/MetalPerformanceShaders.framework/Versions/A/MetalPerformanceShaders
0x0000000032565000 	/System/Library/PrivateFrameworks/FaceCore.framework/Versions/A/FaceCore
0x0000000032565000 	/System/Library/Frameworks/OpenCL.framework/Versions/A/OpenCL
0x0000000032565000 	/System/Library/Frameworks/OpenGL.framework/Versions/A/Libraries/libGLU.dylib
0x0000000032565000 	/System/Library/Frameworks/OpenGL.framework/Versions/A/Libraries/libGFXShared.dylib
0x0000000032565000 	/System/Library/Frameworks/OpenGL.framework/Versions/A/Libraries/libGL.dylib
0x0000000032565000 	/System/Library/Frameworks/OpenGL.framework/Versions/A/Libraries/libGLImage.dylib
0x0000000032565000 	/System/Library/Frameworks/OpenGL.framework/Versions/A/Libraries/libCVMSPluginSupport.dylib
0x0000000032565000 	/System/Library/Frameworks/OpenGL.framework/Versions/A/Libraries/libCoreVMClient.dylib
0x0000000032565000 	/System/Library/PrivateFrameworks/CrashReporterSupport.framework/Versions/A/CrashReporterSupport
0x0000000032565000 	/System/Library/PrivateFrameworks/Sharing.framework/Versions/A/Sharing
0x0000000032565000 	/System/Library/PrivateFrameworks/IconServices.framework/Versions/A/IconServices
0x0000000032565000 	/System/Library/PrivateFrameworks/ProtocolBuffer.framework/Versions/A/ProtocolBuffer
0x0000000032565000 	/System/Library/PrivateFrameworks/Apple80211.framework/Versions/A/Apple80211
0x0000000032565000 	/System/Library/Frameworks/CoreWLAN.framework/Versions/A/CoreWLAN
0x0000000032565000 	/System/Library/PrivateFrameworks/CoreUtils.framework/Versions/A/CoreUtils
0x0000000032565000 	/System/Library/Frameworks/IOBluetooth.framework/Versions/A/IOBluetooth
0x0000000032565000 	/System/Library/PrivateFrameworks/CoreWiFi.framework/Versions/A/CoreWiFi
0x0000000032565000 	/System/Library/Frameworks/CoreBluetooth.framework/Versions/A/CoreBluetooth
0x0000000032565000 	/System/Library/Frameworks/CoreDisplay.framework/Versions/A/CoreDisplay
0x0000000032565000 	/System/Library/PrivateFrameworks/IOPresentment.framework/Versions/A/IOPresentment
0x0000000032565000 	/System/Library/PrivateFrameworks/DebugSymbols.framework/Versions/A/DebugSymbols
0x0000000032565000 	/System/Library/PrivateFrameworks/CoreSymbolication.framework/Versions/A/CoreSymbolication
0x0000000032565000 	/System/Library/PrivateFrameworks/Symbolication.framework/Versions/A/Symbolication
0x0000000032565000 	/System/Library/PrivateFrameworks/AppleFSCompression.framework/Versions/A/AppleFSCompression
0x0000000032565000 	/System/Library/PrivateFrameworks/SpeechRecognitionCore.framework/Versions/A/SpeechRecognitionCore
0x0000000032565000 	/System/Library/PrivateFrameworks/ChunkingLibrary.framework/Versions/A/ChunkingLibrary
0x0000000105c00000 	/Users/Rohan/Desktop/BlueJ.app/Contents/JDK/Home/jre/lib/server/libjvm.dylib
0x0000000032565000 	/usr/lib/libstdc++.6.dylib
0x0000000105346000 	/Users/Rohan/Desktop/BlueJ.app/Contents/JDK/Home/jre/lib/libverify.dylib
0x0000000105354000 	/Users/Rohan/Desktop/BlueJ.app/Contents/JDK/Home/jre/lib/libjava.dylib
0x0000000105393000 	/Users/Rohan/Desktop/BlueJ.app/Contents/JDK/Home/jre/lib/libzip.dylib
0x000000010af23000 	/System/Library/Frameworks/JavaVM.framework/Frameworks/JavaRuntimeSupport.framework/JavaRuntimeSupport
0x000000010af3d000 	/System/Library/Frameworks/JavaVM.framework/Versions/A/Frameworks/JavaNativeFoundation.framework/Versions/A/JavaNativeFoundation
0x000000010af52000 	/System/Library/Frameworks/JavaVM.framework/Versions/A/JavaVM
0x0000000032565000 	/System/Library/Frameworks/Carbon.framework/Versions/A/Carbon
0x000000010af5f000 	/System/Library/PrivateFrameworks/JavaLaunching.framework/Versions/A/JavaLaunching
0x0000000032565000 	/System/Library/Frameworks/Carbon.framework/Versions/A/Frameworks/CommonPanels.framework/Versions/A/CommonPanels
0x0000000032565000 	/System/Library/Frameworks/Carbon.framework/Versions/A/Frameworks/Help.framework/Versions/A/Help
0x0000000032565000 	/System/Library/Frameworks/Carbon.framework/Versions/A/Frameworks/ImageCapture.framework/Versions/A/ImageCapture
0x0000000032565000 	/System/Library/Frameworks/Carbon.framework/Versions/A/Frameworks/OpenScripting.framework/Versions/A/OpenScripting
0x0000000032565000 	/System/Library/Frameworks/Carbon.framework/Versions/A/Frameworks/Print.framework/Versions/A/Print
0x0000000032565000 	/System/Library/Frameworks/Carbon.framework/Versions/A/Frameworks/SecurityHI.framework/Versions/A/SecurityHI
0x000000010c8e0000 	/Users/Rohan/Desktop/BlueJ.app/Contents/JDK/Home/jre/lib/libawt.dylib
0x000000010c988000 	/Users/Rohan/Desktop/BlueJ.app/Contents/JDK/Home/jre/lib/./libmlib_image.dylib
0x000000010ca54000 	/Users/Rohan/Desktop/BlueJ.app/Contents/JDK/Home/jre/lib/libawt_lwawt.dylib
0x000000010cb09000 	/Users/Rohan/Desktop/BlueJ.app/Contents/JDK/Home/jre/lib/./libosxapp.dylib
0x0000000032565000 	/System/Library/Frameworks/ExceptionHandling.framework/Versions/A/ExceptionHandling
0x0000000032565000 	/System/Library/PrivateFrameworks/CoreServicesInternal.framework/Versions/A/CoreServicesInternal
0x0000000032565000 	/System/Library/CoreServices/RawCamera.bundle/Contents/MacOS/RawCamera
0x0000000032565000 	/System/Library/Frameworks/Accelerate.framework/Versions/A/Frameworks/vImage.framework/Versions/A/Libraries/libCGInterfaces.dylib
0x0000000032565000 	/System/Library/Frameworks/ApplicationServices.framework/Versions/A/Frameworks/ATS.framework/Versions/A/Resources/libTrueTypeScaler.dylib
0x000000011d5ae000 	/System/Library/Frameworks/OpenGL.framework/Resources/GLEngine.bundle/GLEngine
0x000000011d792000 	/System/Library/Frameworks/OpenGL.framework/Versions/A/Libraries/libGLProgrammability.dylib
0x000000011dbc0000 	/System/Library/Extensions/AppleIntelBDWGraphicsGLDriver.bundle/Contents/MacOS/AppleIntelBDWGraphicsGLDriver
0x0000000032565000 	/System/Library/PrivateFrameworks/GPUSupport.framework/Versions/A/Libraries/libGPUSupportMercury.dylib
0x000000010e224000 	/System/Library/Frameworks/OpenGL.framework/Resources//GLRendererFloat.bundle/GLRendererFloat
0x0000000032565000 	/System/Library/Frameworks/OpenCL.framework/Versions/A/Libraries/libcldcpuengine.dylib
0x0000000032565000 	/usr/lib/libcrypto.0.9.8.dylib
0x0000000032565000 	/System/Library/PrivateFrameworks/TrustEvaluationAgent.framework/Versions/A/TrustEvaluationAgent
0x000000011e31c000 	/System/Library/Extensions/AppleIntelBDWGraphicsMTLDriver.bundle/Contents/MacOS/AppleIntelBDWGraphicsMTLDriver
0x0000000032565000 	/System/Library/PrivateFrameworks/FamilyControls.framework/Versions/A/FamilyControls
0x0000000032565000 	/System/Library/PrivateFrameworks/CommerceKit.framework/Versions/A/Frameworks/CommerceCore.framework/Versions/A/CommerceCore
0x0000000032565000 	/System/Library/PrivateFrameworks/SystemAdministration.framework/Versions/A/SystemAdministration
0x0000000032565000 	/System/Library/PrivateFrameworks/AppContainer.framework/Versions/A/AppContainer
0x0000000032565000 	/System/Library/PrivateFrameworks/SecCodeWrapper.framework/Versions/A/SecCodeWrapper
0x0000000032565000 	/System/Library/Frameworks/DirectoryService.framework/Versions/A/DirectoryService
0x0000000032565000 	/System/Library/PrivateFrameworks/DiskImages.framework/Versions/A/DiskImages
0x0000000032565000 	/System/Library/PrivateFrameworks/LoginUIKit.framework/Versions/A/Frameworks/LoginUICore.framework/Versions/A/LoginUICore
0x0000000032565000 	/usr/lib/libCoreStorage.dylib
0x0000000032565000 	/usr/lib/libcsfde.dylib
0x0000000032565000 	/usr/lib/libodfde.dylib
0x0000000032565000 	/System/Library/Frameworks/DiscRecording.framework/Versions/A/DiscRecording
0x0000000032565000 	/usr/lib/libcurl.4.dylib
0x0000000032565000 	/System/Library/PrivateFrameworks/MediaKit.framework/Versions/A/MediaKit
0x0000000032565000 	/System/Library/PrivateFrameworks/ProtectedCloudStorage.framework/Versions/A/ProtectedCloudStorage
0x0000000032565000 	/System/Library/PrivateFrameworks/EFILogin.framework/Versions/A/EFILogin
0x0000000032565000 	/usr/lib/libutil.dylib
0x0000000032565000 	/System/Library/Frameworks/LDAP.framework/Versions/A/LDAP
0x0000000032565000 	/usr/lib/libsasl2.2.dylib
0x0000000032565000 	/System/Library/PrivateFrameworks/CoreDaemon.framework/Versions/B/CoreDaemon
0x0000000032565000 	/System/Library/PrivateFrameworks/AppleSRP.framework/Versions/A/AppleSRP
0x0000000032565000 	/System/Library/PrivateFrameworks/APFS.framework/Versions/A/APFS
0x000000011febf000 	/Users/Rohan/Desktop/BlueJ.app/Contents/JDK/Home/jre/lib/libfontmanager.dylib
0x0000000121233000 	/Users/Rohan/Desktop/BlueJ.app/Contents/JDK/Home/jre/lib/libosxui.dylib
0x0000000032565000 	/System/Library/PrivateFrameworks/ViewBridge.framework/Versions/A/ViewBridge
0x0000000032565000 	/System/Library/PrivateFrameworks/XPCService.framework/Versions/A/XPCService
0x0000000032565000 	/System/Library/PrivateFrameworks/AppSandbox.framework/Versions/A/AppSandbox
0x0000000032565000 	/usr/lib/libsandbox.1.dylib
0x0000000032565000 	/usr/lib/libMatch.1.dylib
0x0000000121f62000 	/Users/Rohan/Desktop/BlueJ.app/Contents/JDK/Home/jre/lib/libnet.dylib
0x0000000121fc1000 	/Users/Rohan/Desktop/BlueJ.app/Contents/JDK/Home/jre/lib/libnio.dylib

VM Arguments:
jvm_args: -Dapplication.home=/Users/Rohan/Desktop/BlueJ.app/Contents/JDK/Home -Xms8m 
java_command: sun.applet.Main hunnedFive.html
java_class_path (initial): /Users/Rohan/Desktop/BlueJ.app/Contents/JDK/Home/lib/tools.jar:/Users/Rohan/Desktop/BlueJ.app/Contents/JDK/Home/classes
Launcher Type: SUN_STANDARD

Environment Variables:
PATH=/usr/bin:/bin:/usr/sbin:/sbin
SHELL=/bin/bash

Signal Handlers:
SIGSEGV: [libjvm.dylib+0x5a65d5], sa_mask[0]=11111111011111110111111111111111, sa_flags=SA_ONSTACK|SA_RESTART|SA_SIGINFO
SIGBUS: [libjvm.dylib+0x5a65d5], sa_mask[0]=11111111011111110111111111111111, sa_flags=SA_RESTART|SA_SIGINFO
SIGFPE: [libjvm.dylib+0x4802e8], sa_mask[0]=11111111011111110111111111111111, sa_flags=SA_RESTART|SA_SIGINFO
SIGPIPE: [libjvm.dylib+0x4802e8], sa_mask[0]=11111111011111110111111111111111, sa_flags=SA_RESTART|SA_SIGINFO
SIGXFSZ: [libjvm.dylib+0x4802e8], sa_mask[0]=11111111011111110111111111111111, sa_flags=SA_RESTART|SA_SIGINFO
SIGILL: [libjvm.dylib+0x4802e8], sa_mask[0]=11111111011111110111111111111111, sa_flags=SA_RESTART|SA_SIGINFO
SIGUSR1: SIG_DFL, sa_mask[0]=00000000000000000000000000000000, sa_flags=none
SIGUSR2: [libjvm.dylib+0x47fe06], sa_mask[0]=00100000000000000000000000000000, sa_flags=SA_RESTART|SA_SIGINFO
SIGHUP: [libjvm.dylib+0x47e3dd], sa_mask[0]=11111111011111110111111111111111, sa_flags=SA_RESTART|SA_SIGINFO
SIGINT: [libjvm.dylib+0x47e3dd], sa_mask[0]=11111111011111110111111111111111, sa_flags=SA_RESTART|SA_SIGINFO
SIGTERM: [libjvm.dylib+0x47e3dd], sa_mask[0]=11111111011111110111111111111111, sa_flags=SA_RESTART|SA_SIGINFO
SIGQUIT: [libjvm.dylib+0x47e3dd], sa_mask[0]=11111111011111110111111111111111, sa_flags=SA_RESTART|SA_SIGINFO


---------------  S Y S T E M  ---------------

OS:Bsduname:Darwin 16.4.0 Darwin Kernel Version 16.4.0: Thu Dec 22 22:53:21 PST 2016; root:xnu-3789.41.3~3/RELEASE_X86_64 x86_64
rlimit: STACK 8192k, CORE 0k, NPROC 709, NOFILE 10240, AS infinity
load average:1.93 2.37 2.31

CPU:total 4 (2 cores per cpu, 2 threads per core) family 6 model 61 stepping 4, cmov, cx8, fxsr, mmx, sse, sse2, sse3, ssse3, sse4.1, sse4.2, popcnt, avx, avx2, aes, clmul, erms, 3dnowpref, lzcnt, ht, tsc, tscinvbit, bmi1, bmi2, adx

Memory: 4k page, physical 4194304k(24888k free)

/proc/meminfo:


vm_info: Java HotSpot(TM) 64-Bit Server VM (25.66-b17) for bsd-amd64 JRE (1.8.0_66-b17), built on Oct  6 2015 16:09:13 by "java_re" with gcc 4.2.1 (Based on Apple Inc. build 5658) (LLVM build 2336.11.00)

time: Mon Feb 27 12:51:50 2017
elapsed time: 23154 seconds (0d 6h 25m 54s)

